<?xml version="1.0" encoding="UTF-8"?>
<!-- Generated by org.testng.reporters.JUnitXMLReporter -->
<testsuite ignored="0" hostname="sir4ozz-Lenovo-B590" failures="0" tests="4" name="Default test" time="26.186" errors="0" timestamp="2022-01-29T17:22:10 EST">
  <testcase classname="SwagLabsDataDriven" name="swagLabLogTest" time="0.625"/>
  <testcase classname="SwagLabsDataDriven" name="swagLabLogTest" time="0.452"/>
  <testcase classname="SwagLabsDataDriven" name="swagLabLogTest" time="0.635"/>
  <testcase classname="SwagLabsDataDriven" name="swagLabLogTest" time="5.573"/>
</testsuite> <!-- Default test -->
