<?xml version="1.0" encoding="UTF-8"?>
<!-- Generated by org.testng.reporters.JUnitXMLReporter -->
<testsuite ignored="0" hostname="sir4ozz-Lenovo-B590" failures="0" tests="4" name="sample-test" time="20.023" errors="0" timestamp="2022-01-29T23:35:53 EST">
  <testcase classname="SwagLabsDataDriven" name="swagLabLogTest" time="0.643"/>
  <testcase classname="SwagLabsDataDriven" name="swagLabLogTest" time="0.469"/>
  <testcase classname="SwagLabsDataDriven" name="swagLabLogTest" time="0.717"/>
  <testcase classname="SwagLabsDataDriven" name="swagLabLogTest" time="5.565"/>
</testsuite> <!-- sample-test -->
