<?xml version="1.0" encoding="UTF-8"?>
<testng-results ignored="0" total="4" passed="4" failed="0" skipped="0">
  <reporter-output>
  </reporter-output>
  <suite started-at="2022-01-29T23:35:33 EST" name="sample-suite" finished-at="2022-01-29T23:35:53 EST" duration-ms="20023">
    <groups>
    </groups>
    <test started-at="2022-01-29T23:35:33 EST" name="sample-test" finished-at="2022-01-29T23:35:53 EST" duration-ms="20023">
      <class name="SwagLabsDataDriven">
        <test-method is-config="true" signature="driverInit()[pri:0, instance:SwagLabsDataDriven@3c77d488]" started-at="2022-01-29T23:35:31 EST" name="driverInit" finished-at="2022-01-29T23:35:33 EST" duration-ms="1783" status="PASS">
          <reporter-output>
          </reporter-output>
        </test-method> <!-- driverInit -->
        <test-method is-config="true" signature="setUp()[pri:0, instance:SwagLabsDataDriven@3c77d488]" started-at="2022-01-29T23:35:33 EST" name="setUp" finished-at="2022-01-29T23:35:37 EST" duration-ms="3822" status="PASS">
          <reporter-output>
          </reporter-output>
        </test-method> <!-- setUp -->
        <test-method signature="swagLabLogTest(java.lang.String,java.lang.String)[pri:0, instance:SwagLabsDataDriven@3c77d488]" started-at="2022-01-29T23:35:37 EST" name="swagLabLogTest" data-provider="getData" finished-at="2022-01-29T23:35:38 EST" duration-ms="643" status="PASS">
          <params>
            <param index="0">
              <value>
                <![CDATA[standard_user]]>
              </value>
            </param>
            <param index="1">
              <value>
                <![CDATA[secret_sauce]]>
              </value>
            </param>
          </params>
          <reporter-output>
          </reporter-output>
        </test-method> <!-- swagLabLogTest -->
        <test-method is-config="true" signature="tearDown()[pri:0, instance:SwagLabsDataDriven@3c77d488]" started-at="2022-01-29T23:35:38 EST" name="tearDown" finished-at="2022-01-29T23:35:38 EST" duration-ms="240" status="PASS">
          <reporter-output>
          </reporter-output>
        </test-method> <!-- tearDown -->
        <test-method is-config="true" signature="setUp()[pri:0, instance:SwagLabsDataDriven@3c77d488]" started-at="2022-01-29T23:35:38 EST" name="setUp" finished-at="2022-01-29T23:35:40 EST" duration-ms="2441" status="PASS">
          <reporter-output>
          </reporter-output>
        </test-method> <!-- setUp -->
        <test-method signature="swagLabLogTest(java.lang.String,java.lang.String)[pri:0, instance:SwagLabsDataDriven@3c77d488]" started-at="2022-01-29T23:35:40 EST" name="swagLabLogTest" data-provider="getData" finished-at="2022-01-29T23:35:41 EST" duration-ms="469" status="PASS">
          <params>
            <param index="0">
              <value>
                <![CDATA[locked_out_user]]>
              </value>
            </param>
            <param index="1">
              <value>
                <![CDATA[secret_sauce]]>
              </value>
            </param>
          </params>
          <reporter-output>
          </reporter-output>
        </test-method> <!-- swagLabLogTest -->
        <test-method is-config="true" signature="tearDown()[pri:0, instance:SwagLabsDataDriven@3c77d488]" started-at="2022-01-29T23:35:41 EST" name="tearDown" finished-at="2022-01-29T23:35:41 EST" duration-ms="108" status="PASS">
          <reporter-output>
          </reporter-output>
        </test-method> <!-- tearDown -->
        <test-method is-config="true" signature="setUp()[pri:0, instance:SwagLabsDataDriven@3c77d488]" started-at="2022-01-29T23:35:41 EST" name="setUp" finished-at="2022-01-29T23:35:44 EST" duration-ms="3070" status="PASS">
          <reporter-output>
          </reporter-output>
        </test-method> <!-- setUp -->
        <test-method signature="swagLabLogTest(java.lang.String,java.lang.String)[pri:0, instance:SwagLabsDataDriven@3c77d488]" started-at="2022-01-29T23:35:44 EST" name="swagLabLogTest" data-provider="getData" finished-at="2022-01-29T23:35:45 EST" duration-ms="717" status="PASS">
          <params>
            <param index="0">
              <value>
                <![CDATA[problem_user]]>
              </value>
            </param>
            <param index="1">
              <value>
                <![CDATA[secret_sauce]]>
              </value>
            </param>
          </params>
          <reporter-output>
          </reporter-output>
        </test-method> <!-- swagLabLogTest -->
        <test-method is-config="true" signature="tearDown()[pri:0, instance:SwagLabsDataDriven@3c77d488]" started-at="2022-01-29T23:35:45 EST" name="tearDown" finished-at="2022-01-29T23:35:45 EST" duration-ms="229" status="PASS">
          <reporter-output>
          </reporter-output>
        </test-method> <!-- tearDown -->
        <test-method is-config="true" signature="setUp()[pri:0, instance:SwagLabsDataDriven@3c77d488]" started-at="2022-01-29T23:35:45 EST" name="setUp" finished-at="2022-01-29T23:35:47 EST" duration-ms="2471" status="PASS">
          <reporter-output>
          </reporter-output>
        </test-method> <!-- setUp -->
        <test-method signature="swagLabLogTest(java.lang.String,java.lang.String)[pri:0, instance:SwagLabsDataDriven@3c77d488]" started-at="2022-01-29T23:35:47 EST" name="swagLabLogTest" data-provider="getData" finished-at="2022-01-29T23:35:53 EST" duration-ms="5565" status="PASS">
          <params>
            <param index="0">
              <value>
                <![CDATA[performance_glitch_user]]>
              </value>
            </param>
            <param index="1">
              <value>
                <![CDATA[secret_sauce]]>
              </value>
            </param>
          </params>
          <reporter-output>
          </reporter-output>
        </test-method> <!-- swagLabLogTest -->
        <test-method is-config="true" signature="tearDown()[pri:0, instance:SwagLabsDataDriven@3c77d488]" started-at="2022-01-29T23:35:53 EST" name="tearDown" finished-at="2022-01-29T23:35:53 EST" duration-ms="156" status="PASS">
          <reporter-output>
          </reporter-output>
        </test-method> <!-- tearDown -->
      </class> <!-- SwagLabsDataDriven -->
    </test> <!-- sample-test -->
  </suite> <!-- sample-suite -->
</testng-results>
